
*** Running vivado
    with args -log dcm_25m.vds -m64 -product Vivado -mode batch -messageDb vivado.pb -notrace -source dcm_25m.tcl


****** Vivado v2017.2 (64-bit)
  **** SW Build 1909853 on Thu Jun 15 18:39:09 MDT 2017
  **** IP Build 1909766 on Thu Jun 15 19:58:00 MDT 2017
    ** Copyright 1986-2017 Xilinx, Inc. All Rights Reserved.

source dcm_25m.tcl -notrace
Starting RTL Elaboration : Time (s): cpu = 00:00:04 ; elapsed = 00:00:04 . Memory (MB): peak = 373.113 ; gain = 71.660
INFO: [Synth 8-638] synthesizing module 'dcm_25m' [d:/EGO1_Student/OV7725_VGA/project_3/project_3.srcs/sources_1/ip/dcm_25m/dcm_25m.v:71]
INFO: [Synth 8-638] synthesizing module 'dcm_25m_clk_wiz' [d:/EGO1_Student/OV7725_VGA/project_3/project_3.srcs/sources_1/ip/dcm_25m/dcm_25m_clk_wiz.v:69]
INFO: [Synth 8-638] synthesizing module 'IBUF' [D:/vivado/Vivado/2017.2/scripts/rt/data/unisim_comp.v:14470]
INFO: [Synth 8-256] done synthesizing module 'IBUF' (1#1) [D:/vivado/Vivado/2017.2/scripts/rt/data/unisim_comp.v:14470]
INFO: [Synth 8-638] synthesizing module 'MMCME2_ADV' [D:/vivado/Vivado/2017.2/scripts/rt/data/unisim_comp.v:20759]
INFO: [Synth 8-256] done synthesizing module 'MMCME2_ADV' (2#1) [D:/vivado/Vivado/2017.2/scripts/rt/data/unisim_comp.v:20759]
INFO: [Synth 8-638] synthesizing module 'BUFG' [D:/vivado/Vivado/2017.2/scripts/rt/data/unisim_comp.v:607]
INFO: [Synth 8-256] done synthesizing module 'BUFG' (3#1) [D:/vivado/Vivado/2017.2/scripts/rt/data/unisim_comp.v:607]
INFO: [Synth 8-256] done synthesizing module 'dcm_25m_clk_wiz' (4#1) [d:/EGO1_Student/OV7725_VGA/project_3/project_3.srcs/sources_1/ip/dcm_25m/dcm_25m_clk_wiz.v:69]
INFO: [Synth 8-256] done synthesizing module 'dcm_25m' (5#1) [d:/EGO1_Student/OV7725_VGA/project_3/project_3.srcs/sources_1/ip/dcm_25m/dcm_25m.v:71]
Finished RTL Elaboration : Time (s): cpu = 00:00:05 ; elapsed = 00:00:05 . Memory (MB): peak = 413.191 ; gain = 111.738
Finished RTL Optimization Phase 1 : Time (s): cpu = 00:00:05 ; elapsed = 00:00:05 . Memory (MB): peak = 413.191 ; gain = 111.738
INFO: [Device 21-403] Loading part xc7a35tcsg324-1
Constraint Validation Runtime : Time (s): cpu = 00:00:00 ; elapsed = 00:00:00.021 . Memory (MB): peak = 623.098 ; gain = 0.000
Finished Constraint Validation : Time (s): cpu = 00:00:14 ; elapsed = 00:00:15 . Memory (MB): peak = 623.098 ; gain = 321.645
Finished Loading Part and Timing Information : Time (s): cpu = 00:00:14 ; elapsed = 00:00:15 . Memory (MB): peak = 623.098 ; gain = 321.645
Finished applying 'set_property' XDC Constraints : Time (s): cpu = 00:00:14 ; elapsed = 00:00:15 . Memory (MB): peak = 623.098 ; gain = 321.645
Finished RTL Optimization Phase 2 : Time (s): cpu = 00:00:14 ; elapsed = 00:00:15 . Memory (MB): peak = 623.098 ; gain = 321.645
Finished Cross Boundary and Area Optimization : Time (s): cpu = 00:00:15 ; elapsed = 00:00:15 . Memory (MB): peak = 623.098 ; gain = 321.645
Finished Applying XDC Timing Constraints : Time (s): cpu = 00:00:25 ; elapsed = 00:00:26 . Memory (MB): peak = 645.273 ; gain = 343.820
Finished Timing Optimization : Time (s): cpu = 00:00:25 ; elapsed = 00:00:26 . Memory (MB): peak = 645.273 ; gain = 343.820
Finished Technology Mapping : Time (s): cpu = 00:00:25 ; elapsed = 00:00:26 . Memory (MB): peak = 655.418 ; gain = 353.965
Finished IO Insertion : Time (s): cpu = 00:00:26 ; elapsed = 00:00:27 . Memory (MB): peak = 655.418 ; gain = 353.965
Finished Renaming Generated Instances : Time (s): cpu = 00:00:26 ; elapsed = 00:00:27 . Memory (MB): peak = 655.418 ; gain = 353.965
Finished Rebuilding User Hierarchy : Time (s): cpu = 00:00:26 ; elapsed = 00:00:27 . Memory (MB): peak = 655.418 ; gain = 353.965
Finished Renaming Generated Ports : Time (s): cpu = 00:00:26 ; elapsed = 00:00:27 . Memory (MB): peak = 655.418 ; gain = 353.965
Finished Handling Custom Attributes : Time (s): cpu = 00:00:26 ; elapsed = 00:00:27 . Memory (MB): peak = 655.418 ; gain = 353.965
Finished Renaming Generated Nets : Time (s): cpu = 00:00:26 ; elapsed = 00:00:27 . Memory (MB): peak = 655.418 ; gain = 353.965

Report Cell Usage: 
+------+-----------+------+
|      |Cell       |Count |
+------+-----------+------+
|1     |BUFG       |     3|
|2     |MMCME2_ADV |     1|
|3     |IBUF       |     1|
+------+-----------+------+
Finished Writing Synthesis Report : Time (s): cpu = 00:00:26 ; elapsed = 00:00:27 . Memory (MB): peak = 655.418 ; gain = 353.965
synth_design: Time (s): cpu = 00:00:28 ; elapsed = 00:00:29 . Memory (MB): peak = 667.941 ; gain = 377.430
