#-----------------------------------------------------------
# Vivado v2017.2 (64-bit)
# SW Build 1909853 on Thu Jun 15 18:39:09 MDT 2017
# IP Build 1909766 on Thu Jun 15 19:58:00 MDT 2017
# Start of session at: Fri Dec 29 20:24:56 2017
# Process ID: 8040
# Current directory: E:/vivado/project/homework/project_3
# Command line: vivado.exe -gui_launcher_event rodinguilauncherevent15992 E:\vivado\project\homework\project_3\project_3.xpr
# Log file: E:/vivado/project/homework/project_3/vivado.log
# Journal file: E:/vivado/project/homework/project_3\vivado.jou
#-----------------------------------------------------------
start_gui
open_project E:/vivado/project/homework/project_3/project_3.xpr
INFO: [Project 1-313] Project file moved from 'D:/EGO1_Student/OV7725_VGA/project_3' since last save.
Scanning sources...
Finished scanning sources
INFO: [IP_Flow 19-234] Refreshing IP repositories
INFO: [IP_Flow 19-1704] No user IP repositories specified
INFO: [IP_Flow 19-2313] Loaded Vivado IP repository 'E:/Xilinx/Vivado/2017.2/data/ip'.
open_project: Time (s): cpu = 00:00:16 ; elapsed = 00:00:07 . Memory (MB): peak = 816.914 ; gain = 97.762
update_compile_order -fileset sources_1
exit
INFO: [Common 17-206] Exiting Vivado at Fri Dec 29 20:26:20 2017...
