Copyright 1986-2017 Xilinx, Inc. All Rights Reserved.
---------------------------------------------------------------------------------------------------------
| Tool Version : Vivado v.2017.2 (win64) Build 1909853 Thu Jun 15 18:39:09 MDT 2017
| Date         : Sat Dec 30 00:33:34 2017
| Host         : DESKTOP-3VV6NPL running 64-bit major release  (build 9200)
| Command      : report_utilization -file all_top_utilization_synth.rpt -pb all_top_utilization_synth.pb
| Design       : all_top
| Device       : 7a35tcsg324-1
| Design State : Synthesized
---------------------------------------------------------------------------------------------------------

Utilization Design Information

Table of Contents
-----------------
1. Slice Logic
1.1 Summary of Registers by Type
2. Memory
3. DSP
4. IO and GT Specific
5. Clocking
6. Specific Feature
7. Primitives
8. Black Boxes
9. Instantiated Netlists

1. Slice Logic
--------------

+-------------------------+------+-------+-----------+-------+
|        Site Type        | Used | Fixed | Available | Util% |
+-------------------------+------+-------+-----------+-------+
| Slice LUTs*             |  489 |     0 |     20800 |  2.35 |
|   LUT as Logic          |  489 |     0 |     20800 |  2.35 |
|   LUT as Memory         |    0 |     0 |      9600 |  0.00 |
| Slice Registers         |  408 |     0 |     41600 |  0.98 |
|   Register as Flip Flop |  408 |     0 |     41600 |  0.98 |
|   Register as Latch     |    0 |     0 |     41600 |  0.00 |
| F7 Muxes                |    1 |     0 |     16300 | <0.01 |
| F8 Muxes                |    0 |     0 |      8150 |  0.00 |
+-------------------------+------+-------+-----------+-------+
* Warning! The Final LUT count, after physical optimizations and full implementation, is typically lower. Run opt_design after synthesis, if not already completed, for a more realistic count.


1.1 Summary of Registers by Type
--------------------------------

+-------+--------------+-------------+--------------+
| Total | Clock Enable | Synchronous | Asynchronous |
+-------+--------------+-------------+--------------+
| 0     |            _ |           - |            - |
| 0     |            _ |           - |          Set |
| 0     |            _ |           - |        Reset |
| 0     |            _ |         Set |            - |
| 0     |            _ |       Reset |            - |
| 0     |          Yes |           - |            - |
| 5     |          Yes |           - |          Set |
| 29    |          Yes |           - |        Reset |
| 40    |          Yes |         Set |            - |
| 334   |          Yes |       Reset |            - |
+-------+--------------+-------------+--------------+


2. Memory
---------

+-------------------+------+-------+-----------+-------+
|     Site Type     | Used | Fixed | Available | Util% |
+-------------------+------+-------+-----------+-------+
| Block RAM Tile    |  0.5 |     0 |        50 |  1.00 |
|   RAMB36/FIFO*    |    0 |     0 |        50 |  0.00 |
|   RAMB18          |    1 |     0 |       100 |  1.00 |
|     RAMB18E1 only |    1 |       |           |       |
+-------------------+------+-------+-----------+-------+
* Note: Each Block RAM Tile only has one FIFO logic available and therefore can accommodate only one FIFO36E1 or one FIFO18E1. However, if a FIFO18E1 occupies a Block RAM Tile, that tile can still accommodate a RAMB18E1


3. DSP
------

+----------------+------+-------+-----------+-------+
|    Site Type   | Used | Fixed | Available | Util% |
+----------------+------+-------+-----------+-------+
| DSPs           |    1 |     0 |        90 |  1.11 |
|   DSP48E1 only |    1 |       |           |       |
+----------------+------+-------+-----------+-------+


4. IO and GT Specific
---------------------

+-----------------------------+------+-------+-----------+-------+
|          Site Type          | Used | Fixed | Available | Util% |
+-----------------------------+------+-------+-----------+-------+
| Bonded IOB                  |   74 |     0 |       210 | 35.24 |
| Bonded IPADs                |    0 |     0 |         2 |  0.00 |
| PHY_CONTROL                 |    0 |     0 |         5 |  0.00 |
| PHASER_REF                  |    0 |     0 |         5 |  0.00 |
| OUT_FIFO                    |    0 |     0 |        20 |  0.00 |
| IN_FIFO                     |    0 |     0 |        20 |  0.00 |
| IDELAYCTRL                  |    0 |     0 |         5 |  0.00 |
| IBUFDS                      |    0 |     0 |       202 |  0.00 |
| PHASER_OUT/PHASER_OUT_PHY   |    0 |     0 |        20 |  0.00 |
| PHASER_IN/PHASER_IN_PHY     |    0 |     0 |        20 |  0.00 |
| IDELAYE2/IDELAYE2_FINEDELAY |    0 |     0 |       250 |  0.00 |
| ILOGIC                      |    0 |     0 |       210 |  0.00 |
| OLOGIC                      |    0 |     0 |       210 |  0.00 |
+-----------------------------+------+-------+-----------+-------+


5. Clocking
-----------

+------------+------+-------+-----------+-------+
|  Site Type | Used | Fixed | Available | Util% |
+------------+------+-------+-----------+-------+
| BUFGCTRL   |    2 |     0 |        32 |  6.25 |
| BUFIO      |    0 |     0 |        20 |  0.00 |
| MMCME2_ADV |    0 |     0 |         5 |  0.00 |
| PLLE2_ADV  |    0 |     0 |         5 |  0.00 |
| BUFMRCE    |    0 |     0 |        10 |  0.00 |
| BUFHCE     |    1 |     0 |        72 |  1.39 |
| BUFR       |    0 |     0 |        20 |  0.00 |
+------------+------+-------+-----------+-------+


6. Specific Feature
-------------------

+-------------+------+-------+-----------+-------+
|  Site Type  | Used | Fixed | Available | Util% |
+-------------+------+-------+-----------+-------+
| BSCANE2     |    0 |     0 |         4 |  0.00 |
| CAPTUREE2   |    0 |     0 |         1 |  0.00 |
| DNA_PORT    |    0 |     0 |         1 |  0.00 |
| EFUSE_USR   |    0 |     0 |         1 |  0.00 |
| FRAME_ECCE2 |    0 |     0 |         1 |  0.00 |
| ICAPE2      |    0 |     0 |         2 |  0.00 |
| PCIE_2_1    |    0 |     0 |         1 |  0.00 |
| STARTUPE2   |    0 |     0 |         1 |  0.00 |
| XADC        |    0 |     0 |         1 |  0.00 |
+-------------+------+-------+-----------+-------+


7. Primitives
-------------

+----------+------+---------------------+
| Ref Name | Used | Functional Category |
+----------+------+---------------------+
| FDRE     |  334 |        Flop & Latch |
| LUT1     |  164 |                 LUT |
| LUT6     |  124 |                 LUT |
| LUT2     |  100 |                 LUT |
| LUT4     |   99 |                 LUT |
| LUT5     |   57 |                 LUT |
| OBUF     |   52 |                  IO |
| CARRY4   |   52 |          CarryLogic |
| LUT3     |   49 |                 LUT |
| FDSE     |   40 |        Flop & Latch |
| FDCE     |   29 |        Flop & Latch |
| IBUF     |   22 |                  IO |
| FDPE     |    5 |        Flop & Latch |
| BUFG     |    2 |               Clock |
| RAMB18E1 |    1 |        Block Memory |
| OBUFT    |    1 |                  IO |
| MUXF7    |    1 |               MuxFx |
| DSP48E1  |    1 |    Block Arithmetic |
| BUFHCE   |    1 |               Clock |
+----------+------+---------------------+


8. Black Boxes
--------------

+----------------------------+------+
|          Ref Name          | Used |
+----------------------------+------+
| dcm_25m                    |    1 |
| clk_core                   |    1 |
| char_fifo                  |    1 |
| cap_buffer_blk_mem_gen_0_0 |    1 |
+----------------------------+------+


9. Instantiated Netlists
------------------------

+----------+------+
| Ref Name | Used |
+----------+------+


