Copyright 1986-2017 Xilinx, Inc. All Rights Reserved.
---------------------------------------------------------------------------------------------------------------------
| Tool Version : Vivado v.2017.2 (win64) Build 1909853 Thu Jun 15 18:39:09 MDT 2017
| Date         : Sat Dec 30 00:35:01 2017
| Host         : DESKTOP-3VV6NPL running 64-bit major release  (build 9200)
| Command      : report_methodology -file all_top_methodology_drc_routed.rpt -rpx all_top_methodology_drc_routed.rpx
| Design       : all_top
| Device       : xc7a35tcsg324-1
| Speed File   : -1
| Design State : Routed
---------------------------------------------------------------------------------------------------------------------

Report Methodology

Table of Contents
-----------------
1. REPORT SUMMARY
2. REPORT DETAILS

1. REPORT SUMMARY
-----------------
            Netlist: netlist
          Floorplan: design_1
      Design limits: <entire design considered>
             Max violations: <unlimited>
             Violations found: 127
+-----------+----------+--------------------------------------------+------------+
| Rule      | Severity | Description                                | Violations |
+-----------+----------+--------------------------------------------+------------+
| SYNTH-6   | Warning  | Timing of a block RAM might be sub-optimal | 1          |
| SYNTH-13  | Warning  | combinational multiplier                   | 1          |
| TIMING-17 | Warning  | Non-clocked sequential cell                | 79         |
| TIMING-18 | Warning  | Missing input or output delay              | 44         |
| TIMING-27 | Warning  | Invalid primary clock on hierarchical pin  | 2          |
+-----------+----------+--------------------------------------------+------------+

2. REPORT DETAILS
-----------------
SYNTH-6#1 Warning
Timing of a block RAM might be sub-optimal  
The timing for the instance top_flyinglogo/I_CFG_OV7670/I_CFG_REG/dout_reg, implemented as a block RAM, might be sub-optimal as no output register was merged into the block
Related violations: <none>

SYNTH-13#1 Warning
combinational multiplier  
Detected combinational multiplier in DSP instance bt_uart/turn_10d/t1.
Related violations: <none>

TIMING-17#1 Warning
Non-clocked sequential cell  
The clock pin bt_uart/turn_10d/counter_reg[0]/C is not reached by a timing clock
Related violations: <none>

TIMING-17#2 Warning
Non-clocked sequential cell  
The clock pin bt_uart/turn_10d/counter_reg[10]/C is not reached by a timing clock
Related violations: <none>

TIMING-17#3 Warning
Non-clocked sequential cell  
The clock pin bt_uart/turn_10d/counter_reg[11]/C is not reached by a timing clock
Related violations: <none>

TIMING-17#4 Warning
Non-clocked sequential cell  
The clock pin bt_uart/turn_10d/counter_reg[12]/C is not reached by a timing clock
Related violations: <none>

TIMING-17#5 Warning
Non-clocked sequential cell  
The clock pin bt_uart/turn_10d/counter_reg[13]/C is not reached by a timing clock
Related violations: <none>

TIMING-17#6 Warning
Non-clocked sequential cell  
The clock pin bt_uart/turn_10d/counter_reg[14]/C is not reached by a timing clock
Related violations: <none>

TIMING-17#7 Warning
Non-clocked sequential cell  
The clock pin bt_uart/turn_10d/counter_reg[15]/C is not reached by a timing clock
Related violations: <none>

TIMING-17#8 Warning
Non-clocked sequential cell  
The clock pin bt_uart/turn_10d/counter_reg[16]/C is not reached by a timing clock
Related violations: <none>

TIMING-17#9 Warning
Non-clocked sequential cell  
The clock pin bt_uart/turn_10d/counter_reg[17]/C is not reached by a timing clock
Related violations: <none>

TIMING-17#10 Warning
Non-clocked sequential cell  
The clock pin bt_uart/turn_10d/counter_reg[18]/C is not reached by a timing clock
Related violations: <none>

TIMING-17#11 Warning
Non-clocked sequential cell  
The clock pin bt_uart/turn_10d/counter_reg[19]/C is not reached by a timing clock
Related violations: <none>

TIMING-17#12 Warning
Non-clocked sequential cell  
The clock pin bt_uart/turn_10d/counter_reg[1]/C is not reached by a timing clock
Related violations: <none>

TIMING-17#13 Warning
Non-clocked sequential cell  
The clock pin bt_uart/turn_10d/counter_reg[20]/C is not reached by a timing clock
Related violations: <none>

TIMING-17#14 Warning
Non-clocked sequential cell  
The clock pin bt_uart/turn_10d/counter_reg[21]/C is not reached by a timing clock
Related violations: <none>

TIMING-17#15 Warning
Non-clocked sequential cell  
The clock pin bt_uart/turn_10d/counter_reg[22]/C is not reached by a timing clock
Related violations: <none>

TIMING-17#16 Warning
Non-clocked sequential cell  
The clock pin bt_uart/turn_10d/counter_reg[23]/C is not reached by a timing clock
Related violations: <none>

TIMING-17#17 Warning
Non-clocked sequential cell  
The clock pin bt_uart/turn_10d/counter_reg[24]/C is not reached by a timing clock
Related violations: <none>

TIMING-17#18 Warning
Non-clocked sequential cell  
The clock pin bt_uart/turn_10d/counter_reg[25]/C is not reached by a timing clock
Related violations: <none>

TIMING-17#19 Warning
Non-clocked sequential cell  
The clock pin bt_uart/turn_10d/counter_reg[26]/C is not reached by a timing clock
Related violations: <none>

TIMING-17#20 Warning
Non-clocked sequential cell  
The clock pin bt_uart/turn_10d/counter_reg[27]/C is not reached by a timing clock
Related violations: <none>

TIMING-17#21 Warning
Non-clocked sequential cell  
The clock pin bt_uart/turn_10d/counter_reg[28]/C is not reached by a timing clock
Related violations: <none>

TIMING-17#22 Warning
Non-clocked sequential cell  
The clock pin bt_uart/turn_10d/counter_reg[29]/C is not reached by a timing clock
Related violations: <none>

TIMING-17#23 Warning
Non-clocked sequential cell  
The clock pin bt_uart/turn_10d/counter_reg[2]/C is not reached by a timing clock
Related violations: <none>

TIMING-17#24 Warning
Non-clocked sequential cell  
The clock pin bt_uart/turn_10d/counter_reg[30]/C is not reached by a timing clock
Related violations: <none>

TIMING-17#25 Warning
Non-clocked sequential cell  
The clock pin bt_uart/turn_10d/counter_reg[31]/C is not reached by a timing clock
Related violations: <none>

TIMING-17#26 Warning
Non-clocked sequential cell  
The clock pin bt_uart/turn_10d/counter_reg[32]/C is not reached by a timing clock
Related violations: <none>

TIMING-17#27 Warning
Non-clocked sequential cell  
The clock pin bt_uart/turn_10d/counter_reg[33]/C is not reached by a timing clock
Related violations: <none>

TIMING-17#28 Warning
Non-clocked sequential cell  
The clock pin bt_uart/turn_10d/counter_reg[34]/C is not reached by a timing clock
Related violations: <none>

TIMING-17#29 Warning
Non-clocked sequential cell  
The clock pin bt_uart/turn_10d/counter_reg[35]/C is not reached by a timing clock
Related violations: <none>

TIMING-17#30 Warning
Non-clocked sequential cell  
The clock pin bt_uart/turn_10d/counter_reg[36]/C is not reached by a timing clock
Related violations: <none>

TIMING-17#31 Warning
Non-clocked sequential cell  
The clock pin bt_uart/turn_10d/counter_reg[37]/C is not reached by a timing clock
Related violations: <none>

TIMING-17#32 Warning
Non-clocked sequential cell  
The clock pin bt_uart/turn_10d/counter_reg[38]/C is not reached by a timing clock
Related violations: <none>

TIMING-17#33 Warning
Non-clocked sequential cell  
The clock pin bt_uart/turn_10d/counter_reg[39]/C is not reached by a timing clock
Related violations: <none>

TIMING-17#34 Warning
Non-clocked sequential cell  
The clock pin bt_uart/turn_10d/counter_reg[3]/C is not reached by a timing clock
Related violations: <none>

TIMING-17#35 Warning
Non-clocked sequential cell  
The clock pin bt_uart/turn_10d/counter_reg[40]/C is not reached by a timing clock
Related violations: <none>

TIMING-17#36 Warning
Non-clocked sequential cell  
The clock pin bt_uart/turn_10d/counter_reg[4]/C is not reached by a timing clock
Related violations: <none>

TIMING-17#37 Warning
Non-clocked sequential cell  
The clock pin bt_uart/turn_10d/counter_reg[5]/C is not reached by a timing clock
Related violations: <none>

TIMING-17#38 Warning
Non-clocked sequential cell  
The clock pin bt_uart/turn_10d/counter_reg[6]/C is not reached by a timing clock
Related violations: <none>

TIMING-17#39 Warning
Non-clocked sequential cell  
The clock pin bt_uart/turn_10d/counter_reg[7]/C is not reached by a timing clock
Related violations: <none>

TIMING-17#40 Warning
Non-clocked sequential cell  
The clock pin bt_uart/turn_10d/counter_reg[8]/C is not reached by a timing clock
Related violations: <none>

TIMING-17#41 Warning
Non-clocked sequential cell  
The clock pin bt_uart/turn_10d/counter_reg[9]/C is not reached by a timing clock
Related violations: <none>

TIMING-17#42 Warning
Non-clocked sequential cell  
The clock pin bt_uart/turn_10d/dir_reg[0]/C is not reached by a timing clock
Related violations: <none>

TIMING-17#43 Warning
Non-clocked sequential cell  
The clock pin bt_uart/turn_10d/dir_reg[1]/C is not reached by a timing clock
Related violations: <none>

TIMING-17#44 Warning
Non-clocked sequential cell  
The clock pin bt_uart/turn_10d/dir_reg[2]/C is not reached by a timing clock
Related violations: <none>

TIMING-17#45 Warning
Non-clocked sequential cell  
The clock pin bt_uart/turn_10d/dir_reg[3]/C is not reached by a timing clock
Related violations: <none>

TIMING-17#46 Warning
Non-clocked sequential cell  
The clock pin bt_uart/turn_10d/dir_reg[4]/C is not reached by a timing clock
Related violations: <none>

TIMING-17#47 Warning
Non-clocked sequential cell  
The clock pin bt_uart/turn_10d/t_reg/C is not reached by a timing clock
Related violations: <none>

TIMING-17#48 Warning
Non-clocked sequential cell  
The clock pin top_flyinglogo/OV7670_CAPTURE/buff_addr_reg[0]/C is not reached by a timing clock
Related violations: <none>

TIMING-17#49 Warning
Non-clocked sequential cell  
The clock pin top_flyinglogo/OV7670_CAPTURE/buff_addr_reg[10]/C is not reached by a timing clock
Related violations: <none>

TIMING-17#50 Warning
Non-clocked sequential cell  
The clock pin top_flyinglogo/OV7670_CAPTURE/buff_addr_reg[11]/C is not reached by a timing clock
Related violations: <none>

TIMING-17#51 Warning
Non-clocked sequential cell  
The clock pin top_flyinglogo/OV7670_CAPTURE/buff_addr_reg[12]/C is not reached by a timing clock
Related violations: <none>

TIMING-17#52 Warning
Non-clocked sequential cell  
The clock pin top_flyinglogo/OV7670_CAPTURE/buff_addr_reg[13]/C is not reached by a timing clock
Related violations: <none>

TIMING-17#53 Warning
Non-clocked sequential cell  
The clock pin top_flyinglogo/OV7670_CAPTURE/buff_addr_reg[14]/C is not reached by a timing clock
Related violations: <none>

TIMING-17#54 Warning
Non-clocked sequential cell  
The clock pin top_flyinglogo/OV7670_CAPTURE/buff_addr_reg[15]/C is not reached by a timing clock
Related violations: <none>

TIMING-17#55 Warning
Non-clocked sequential cell  
The clock pin top_flyinglogo/OV7670_CAPTURE/buff_addr_reg[16]/C is not reached by a timing clock
Related violations: <none>

TIMING-17#56 Warning
Non-clocked sequential cell  
The clock pin top_flyinglogo/OV7670_CAPTURE/buff_addr_reg[17]/C is not reached by a timing clock
Related violations: <none>

TIMING-17#57 Warning
Non-clocked sequential cell  
The clock pin top_flyinglogo/OV7670_CAPTURE/buff_addr_reg[18]/C is not reached by a timing clock
Related violations: <none>

TIMING-17#58 Warning
Non-clocked sequential cell  
The clock pin top_flyinglogo/OV7670_CAPTURE/buff_addr_reg[19]/C is not reached by a timing clock
Related violations: <none>

TIMING-17#59 Warning
Non-clocked sequential cell  
The clock pin top_flyinglogo/OV7670_CAPTURE/buff_addr_reg[1]/C is not reached by a timing clock
Related violations: <none>

TIMING-17#60 Warning
Non-clocked sequential cell  
The clock pin top_flyinglogo/OV7670_CAPTURE/buff_addr_reg[2]/C is not reached by a timing clock
Related violations: <none>

TIMING-17#61 Warning
Non-clocked sequential cell  
The clock pin top_flyinglogo/OV7670_CAPTURE/buff_addr_reg[3]/C is not reached by a timing clock
Related violations: <none>

TIMING-17#62 Warning
Non-clocked sequential cell  
The clock pin top_flyinglogo/OV7670_CAPTURE/buff_addr_reg[4]/C is not reached by a timing clock
Related violations: <none>

TIMING-17#63 Warning
Non-clocked sequential cell  
The clock pin top_flyinglogo/OV7670_CAPTURE/buff_addr_reg[5]/C is not reached by a timing clock
Related violations: <none>

TIMING-17#64 Warning
Non-clocked sequential cell  
The clock pin top_flyinglogo/OV7670_CAPTURE/buff_addr_reg[6]/C is not reached by a timing clock
Related violations: <none>

TIMING-17#65 Warning
Non-clocked sequential cell  
The clock pin top_flyinglogo/OV7670_CAPTURE/buff_addr_reg[7]/C is not reached by a timing clock
Related violations: <none>

TIMING-17#66 Warning
Non-clocked sequential cell  
The clock pin top_flyinglogo/OV7670_CAPTURE/buff_addr_reg[8]/C is not reached by a timing clock
Related violations: <none>

TIMING-17#67 Warning
Non-clocked sequential cell  
The clock pin top_flyinglogo/OV7670_CAPTURE/buff_addr_reg[9]/C is not reached by a timing clock
Related violations: <none>

TIMING-17#68 Warning
Non-clocked sequential cell  
The clock pin top_flyinglogo/OV7670_CAPTURE/buff_dout_reg[0]/C is not reached by a timing clock
Related violations: <none>

TIMING-17#69 Warning
Non-clocked sequential cell  
The clock pin top_flyinglogo/OV7670_CAPTURE/buff_wr_reg/C is not reached by a timing clock
Related violations: <none>

TIMING-17#70 Warning
Non-clocked sequential cell  
The clock pin top_flyinglogo/OV7670_CAPTURE/t8_reg[0]/C is not reached by a timing clock
Related violations: <none>

TIMING-17#71 Warning
Non-clocked sequential cell  
The clock pin top_flyinglogo/OV7670_CAPTURE/t8_reg[1]/C is not reached by a timing clock
Related violations: <none>

TIMING-17#72 Warning
Non-clocked sequential cell  
The clock pin top_flyinglogo/OV7670_CAPTURE/t8_reg[2]/C is not reached by a timing clock
Related violations: <none>

TIMING-17#73 Warning
Non-clocked sequential cell  
The clock pin top_flyinglogo/OV7670_CAPTURE/t8_reg[3]/C is not reached by a timing clock
Related violations: <none>

TIMING-17#74 Warning
Non-clocked sequential cell  
The clock pin top_flyinglogo/OV7670_CAPTURE/t8_reg[4]/C is not reached by a timing clock
Related violations: <none>

TIMING-17#75 Warning
Non-clocked sequential cell  
The clock pin top_flyinglogo/OV7670_CAPTURE/t8_reg[5]/C is not reached by a timing clock
Related violations: <none>

TIMING-17#76 Warning
Non-clocked sequential cell  
The clock pin top_flyinglogo/OV7670_CAPTURE/t8_reg[6]/C is not reached by a timing clock
Related violations: <none>

TIMING-17#77 Warning
Non-clocked sequential cell  
The clock pin top_flyinglogo/OV7670_CAPTURE/t8_reg[7]/C is not reached by a timing clock
Related violations: <none>

TIMING-17#78 Warning
Non-clocked sequential cell  
The clock pin top_flyinglogo/OV7670_CAPTURE/t8_valid_reg/C is not reached by a timing clock
Related violations: <none>

TIMING-17#79 Warning
Non-clocked sequential cell  
The clock pin top_flyinglogo/current_status_reg/C is not reached by a timing clock
Related violations: <none>

TIMING-18#1 Warning
Missing input or output delay  
An input delay is missing on OV7670_SIOD relative to clock(s) VIRTUAL_clk_out1_dcm_25m 
Related violations: <none>

TIMING-18#2 Warning
Missing input or output delay  
An input delay is missing on lb_sel_pin relative to clock(s) bt_uart/clk_gen_i0/clk_core_i0/inst/clk_in1 
Related violations: <none>

TIMING-18#3 Warning
Missing input or output delay  
An input delay is missing on rst_pin relative to clock(s) bt_uart/clk_gen_i0/clk_core_i0/inst/clk_in1 
Related violations: <none>

TIMING-18#4 Warning
Missing input or output delay  
An input delay is missing on rxd_pin relative to clock(s) bt_uart/clk_gen_i0/clk_core_i0/inst/clk_in1 
Related violations: <none>

TIMING-18#5 Warning
Missing input or output delay  
An input delay is missing on sys_rst relative to clock(s) VIRTUAL_clk_out1_dcm_25m 
Related violations: <none>

TIMING-18#6 Warning
Missing input or output delay  
An output delay is missing on ERROR_LED relative to clock(s) VIRTUAL_clk_out1_dcm_25m 
Related violations: <none>

TIMING-18#7 Warning
Missing input or output delay  
An output delay is missing on OV7670_SIOC relative to clock(s) VIRTUAL_clk_out1_dcm_25m 
Related violations: <none>

TIMING-18#8 Warning
Missing input or output delay  
An output delay is missing on hsync relative to clock(s) VIRTUAL_clk_out1_dcm_25m 
Related violations: <none>

TIMING-18#9 Warning
Missing input or output delay  
An output delay is missing on seg7_0_7bit[0] relative to clock(s) bt_uart/clk_gen_i0/clk_core_i0/inst/clk_in1 
Related violations: <none>

TIMING-18#10 Warning
Missing input or output delay  
An output delay is missing on seg7_0_7bit[1] relative to clock(s) bt_uart/clk_gen_i0/clk_core_i0/inst/clk_in1 
Related violations: <none>

TIMING-18#11 Warning
Missing input or output delay  
An output delay is missing on seg7_0_7bit[2] relative to clock(s) bt_uart/clk_gen_i0/clk_core_i0/inst/clk_in1 
Related violations: <none>

TIMING-18#12 Warning
Missing input or output delay  
An output delay is missing on seg7_0_7bit[3] relative to clock(s) bt_uart/clk_gen_i0/clk_core_i0/inst/clk_in1 
Related violations: <none>

TIMING-18#13 Warning
Missing input or output delay  
An output delay is missing on seg7_0_7bit[4] relative to clock(s) bt_uart/clk_gen_i0/clk_core_i0/inst/clk_in1 
Related violations: <none>

TIMING-18#14 Warning
Missing input or output delay  
An output delay is missing on seg7_0_7bit[5] relative to clock(s) bt_uart/clk_gen_i0/clk_core_i0/inst/clk_in1 
Related violations: <none>

TIMING-18#15 Warning
Missing input or output delay  
An output delay is missing on seg7_0_7bit[6] relative to clock(s) bt_uart/clk_gen_i0/clk_core_i0/inst/clk_in1 
Related violations: <none>

TIMING-18#16 Warning
Missing input or output delay  
An output delay is missing on seg7_0_an[0] relative to clock(s) bt_uart/clk_gen_i0/clk_core_i0/inst/clk_in1 
Related violations: <none>

TIMING-18#17 Warning
Missing input or output delay  
An output delay is missing on seg7_0_an[1] relative to clock(s) bt_uart/clk_gen_i0/clk_core_i0/inst/clk_in1 
Related violations: <none>

TIMING-18#18 Warning
Missing input or output delay  
An output delay is missing on seg7_0_an[2] relative to clock(s) bt_uart/clk_gen_i0/clk_core_i0/inst/clk_in1 
Related violations: <none>

TIMING-18#19 Warning
Missing input or output delay  
An output delay is missing on seg7_0_an[3] relative to clock(s) bt_uart/clk_gen_i0/clk_core_i0/inst/clk_in1 
Related violations: <none>

TIMING-18#20 Warning
Missing input or output delay  
An output delay is missing on seg7_1_7bit[0] relative to clock(s) bt_uart/clk_gen_i0/clk_core_i0/inst/clk_in1 
Related violations: <none>

TIMING-18#21 Warning
Missing input or output delay  
An output delay is missing on seg7_1_7bit[1] relative to clock(s) bt_uart/clk_gen_i0/clk_core_i0/inst/clk_in1 
Related violations: <none>

TIMING-18#22 Warning
Missing input or output delay  
An output delay is missing on seg7_1_7bit[2] relative to clock(s) bt_uart/clk_gen_i0/clk_core_i0/inst/clk_in1 
Related violations: <none>

TIMING-18#23 Warning
Missing input or output delay  
An output delay is missing on seg7_1_7bit[3] relative to clock(s) bt_uart/clk_gen_i0/clk_core_i0/inst/clk_in1 
Related violations: <none>

TIMING-18#24 Warning
Missing input or output delay  
An output delay is missing on seg7_1_7bit[4] relative to clock(s) bt_uart/clk_gen_i0/clk_core_i0/inst/clk_in1 
Related violations: <none>

TIMING-18#25 Warning
Missing input or output delay  
An output delay is missing on seg7_1_7bit[5] relative to clock(s) bt_uart/clk_gen_i0/clk_core_i0/inst/clk_in1 
Related violations: <none>

TIMING-18#26 Warning
Missing input or output delay  
An output delay is missing on seg7_1_7bit[6] relative to clock(s) bt_uart/clk_gen_i0/clk_core_i0/inst/clk_in1 
Related violations: <none>

TIMING-18#27 Warning
Missing input or output delay  
An output delay is missing on seg7_1_an[0] relative to clock(s) bt_uart/clk_gen_i0/clk_core_i0/inst/clk_in1 
Related violations: <none>

TIMING-18#28 Warning
Missing input or output delay  
An output delay is missing on seg7_1_an[1] relative to clock(s) bt_uart/clk_gen_i0/clk_core_i0/inst/clk_in1 
Related violations: <none>

TIMING-18#29 Warning
Missing input or output delay  
An output delay is missing on seg7_1_an[2] relative to clock(s) bt_uart/clk_gen_i0/clk_core_i0/inst/clk_in1 
Related violations: <none>

TIMING-18#30 Warning
Missing input or output delay  
An output delay is missing on seg7_1_an[3] relative to clock(s) bt_uart/clk_gen_i0/clk_core_i0/inst/clk_in1 
Related violations: <none>

TIMING-18#31 Warning
Missing input or output delay  
An output delay is missing on txd_pin relative to clock(s) bt_uart/clk_gen_i0/clk_core_i0/inst/clk_in1 
Related violations: <none>

TIMING-18#32 Warning
Missing input or output delay  
An output delay is missing on vga_b[0] relative to clock(s) VIRTUAL_clk_out1_dcm_25m 
Related violations: <none>

TIMING-18#33 Warning
Missing input or output delay  
An output delay is missing on vga_b[1] relative to clock(s) VIRTUAL_clk_out1_dcm_25m 
Related violations: <none>

TIMING-18#34 Warning
Missing input or output delay  
An output delay is missing on vga_b[2] relative to clock(s) VIRTUAL_clk_out1_dcm_25m 
Related violations: <none>

TIMING-18#35 Warning
Missing input or output delay  
An output delay is missing on vga_b[3] relative to clock(s) VIRTUAL_clk_out1_dcm_25m 
Related violations: <none>

TIMING-18#36 Warning
Missing input or output delay  
An output delay is missing on vga_g[0] relative to clock(s) VIRTUAL_clk_out1_dcm_25m 
Related violations: <none>

TIMING-18#37 Warning
Missing input or output delay  
An output delay is missing on vga_g[1] relative to clock(s) VIRTUAL_clk_out1_dcm_25m 
Related violations: <none>

TIMING-18#38 Warning
Missing input or output delay  
An output delay is missing on vga_g[2] relative to clock(s) VIRTUAL_clk_out1_dcm_25m 
Related violations: <none>

TIMING-18#39 Warning
Missing input or output delay  
An output delay is missing on vga_g[3] relative to clock(s) VIRTUAL_clk_out1_dcm_25m 
Related violations: <none>

TIMING-18#40 Warning
Missing input or output delay  
An output delay is missing on vga_r[0] relative to clock(s) VIRTUAL_clk_out1_dcm_25m 
Related violations: <none>

TIMING-18#41 Warning
Missing input or output delay  
An output delay is missing on vga_r[1] relative to clock(s) VIRTUAL_clk_out1_dcm_25m 
Related violations: <none>

TIMING-18#42 Warning
Missing input or output delay  
An output delay is missing on vga_r[2] relative to clock(s) VIRTUAL_clk_out1_dcm_25m 
Related violations: <none>

TIMING-18#43 Warning
Missing input or output delay  
An output delay is missing on vga_r[3] relative to clock(s) VIRTUAL_clk_out1_dcm_25m 
Related violations: <none>

TIMING-18#44 Warning
Missing input or output delay  
An output delay is missing on vsync relative to clock(s) VIRTUAL_clk_out1_dcm_25m 
Related violations: <none>

TIMING-27#1 Warning
Invalid primary clock on hierarchical pin  
A primary clock bt_uart/clk_gen_i0/clk_core_i0/inst/clk_in1 is created on an inappropriate internal pin bt_uart/clk_gen_i0/clk_core_i0/inst/clk_in1. It is not recommended to create a primary clock on a hierarchical pin when its driver pin has a fanout connected to multiple clock pins
Related violations: <none>

TIMING-27#2 Warning
Invalid primary clock on hierarchical pin  
A primary clock top_flyinglogo/u0/inst/clk_in1 is created on an inappropriate internal pin top_flyinglogo/u0/inst/clk_in1. It is not recommended to create a primary clock on a hierarchical pin when its driver pin has a fanout connected to multiple clock pins
Related violations: <none>


